[debug] [2023-09-25T01:09:11.199Z] ----------------------------------------------------------------------
[debug] [2023-09-25T01:09:11.202Z] Command:       C:\Program Files\nodejs\node.exe C:\Users\PC\AppData\Roaming\npm\node_modules\firebase-tools\lib\bin\firebase.js deploy --only functions
[debug] [2023-09-25T01:09:11.202Z] CLI Version:   12.5.4
[debug] [2023-09-25T01:09:11.203Z] Platform:      win32
[debug] [2023-09-25T01:09:11.203Z] Node Version:  v18.16.1
[debug] [2023-09-25T01:09:11.204Z] Time:          Sun Sep 24 2023 21:09:11 GMT-0400 (Eastern Daylight Time)
[debug] [2023-09-25T01:09:11.204Z] ----------------------------------------------------------------------
[debug] 
[debug] [2023-09-25T01:09:11.294Z] > command requires scopes: ["email","openid","https://www.googleapis.com/auth/cloudplatformprojects.readonly","https://www.googleapis.com/auth/firebase","https://www.googleapis.com/auth/cloud-platform"]
[debug] [2023-09-25T01:09:11.294Z] > authorizing via signed-in user (smartkek0412@gmail.com)
[debug] [2023-09-25T01:09:11.294Z] [iam] checking project researchpo2 for permissions ["cloudfunctions.functions.create","cloudfunctions.functions.delete","cloudfunctions.functions.get","cloudfunctions.functions.list","cloudfunctions.functions.update","cloudfunctions.operations.get","firebase.projects.get"]
[debug] [2023-09-25T01:09:11.297Z] >>> [apiv2][query] POST https://cloudresourcemanager.googleapis.com/v1/projects/researchpo2:testIamPermissions [none]
[debug] [2023-09-25T01:09:11.297Z] >>> [apiv2][(partial)header] POST https://cloudresourcemanager.googleapis.com/v1/projects/researchpo2:testIamPermissions x-goog-quota-user=projects/researchpo2
[debug] [2023-09-25T01:09:11.297Z] >>> [apiv2][body] POST https://cloudresourcemanager.googleapis.com/v1/projects/researchpo2:testIamPermissions {"permissions":["cloudfunctions.functions.create","cloudfunctions.functions.delete","cloudfunctions.functions.get","cloudfunctions.functions.list","cloudfunctions.functions.update","cloudfunctions.operations.get","firebase.projects.get"]}
[debug] [2023-09-25T01:09:11.524Z] <<< [apiv2][status] POST https://cloudresourcemanager.googleapis.com/v1/projects/researchpo2:testIamPermissions 200
[debug] [2023-09-25T01:09:11.525Z] <<< [apiv2][body] POST https://cloudresourcemanager.googleapis.com/v1/projects/researchpo2:testIamPermissions {"permissions":["cloudfunctions.functions.create","cloudfunctions.functions.delete","cloudfunctions.functions.get","cloudfunctions.functions.list","cloudfunctions.functions.update","cloudfunctions.operations.get","firebase.projects.get"]}
[debug] [2023-09-25T01:09:11.526Z] >>> [apiv2][query] POST https://iam.googleapis.com/v1/projects/researchpo2/serviceAccounts/researchpo2@appspot.gserviceaccount.com:testIamPermissions [none]
[debug] [2023-09-25T01:09:11.526Z] >>> [apiv2][body] POST https://iam.googleapis.com/v1/projects/researchpo2/serviceAccounts/researchpo2@appspot.gserviceaccount.com:testIamPermissions {"permissions":["iam.serviceAccounts.actAs"]}
[debug] [2023-09-25T01:09:11.672Z] <<< [apiv2][status] POST https://iam.googleapis.com/v1/projects/researchpo2/serviceAccounts/researchpo2@appspot.gserviceaccount.com:testIamPermissions 200
[debug] [2023-09-25T01:09:11.673Z] <<< [apiv2][body] POST https://iam.googleapis.com/v1/projects/researchpo2/serviceAccounts/researchpo2@appspot.gserviceaccount.com:testIamPermissions {"permissions":["iam.serviceAccounts.actAs"]}
[info] 
[info] === Deploying to 'researchpo2'...
[info] 
[info] i  deploying functions 
[debug] [2023-09-25T01:09:11.678Z] >>> [apiv2][query] GET https://firebase.googleapis.com/v1beta1/projects/researchpo2 [none]
[debug] [2023-09-25T01:09:11.824Z] <<< [apiv2][status] GET https://firebase.googleapis.com/v1beta1/projects/researchpo2 200
[debug] [2023-09-25T01:09:11.824Z] <<< [apiv2][body] GET https://firebase.googleapis.com/v1beta1/projects/researchpo2 {"projectId":"researchpo2","projectNumber":"437012382371","displayName":"researchpo2","name":"projects/researchpo2","resources":{"hostingSite":"researchpo2"},"state":"ACTIVE","etag":"1_ac55c7b9-c527-4be3-82a3-1e1ca29e0f8a"}
[info] i  functions: preparing codebase default for deployment 
[info] i  functions: ensuring required API cloudfunctions.googleapis.com is enabled... 
[info] i  functions: ensuring required API cloudbuild.googleapis.com is enabled... 
[info] i  artifactregistry: ensuring required API artifactregistry.googleapis.com is enabled... 
[debug] [2023-09-25T01:09:11.828Z] >>> [apiv2][query] GET https://serviceusage.googleapis.com/v1/projects/researchpo2/services/cloudfunctions.googleapis.com [none]
[debug] [2023-09-25T01:09:11.828Z] >>> [apiv2][(partial)header] GET https://serviceusage.googleapis.com/v1/projects/researchpo2/services/cloudfunctions.googleapis.com x-goog-quota-user=projects/researchpo2
[debug] [2023-09-25T01:09:11.829Z] >>> [apiv2][query] GET https://serviceusage.googleapis.com/v1/projects/researchpo2/services/runtimeconfig.googleapis.com [none]
[debug] [2023-09-25T01:09:11.829Z] >>> [apiv2][(partial)header] GET https://serviceusage.googleapis.com/v1/projects/researchpo2/services/runtimeconfig.googleapis.com x-goog-quota-user=projects/researchpo2
[debug] [2023-09-25T01:09:11.830Z] >>> [apiv2][query] GET https://serviceusage.googleapis.com/v1/projects/researchpo2/services/cloudbuild.googleapis.com [none]
[debug] [2023-09-25T01:09:11.830Z] >>> [apiv2][(partial)header] GET https://serviceusage.googleapis.com/v1/projects/researchpo2/services/cloudbuild.googleapis.com x-goog-quota-user=projects/researchpo2
[debug] [2023-09-25T01:09:11.831Z] >>> [apiv2][query] GET https://serviceusage.googleapis.com/v1/projects/researchpo2/services/artifactregistry.googleapis.com [none]
[debug] [2023-09-25T01:09:11.831Z] >>> [apiv2][(partial)header] GET https://serviceusage.googleapis.com/v1/projects/researchpo2/services/artifactregistry.googleapis.com x-goog-quota-user=projects/researchpo2
[debug] [2023-09-25T01:09:12.096Z] <<< [apiv2][status] GET https://serviceusage.googleapis.com/v1/projects/researchpo2/services/cloudbuild.googleapis.com 200
[debug] [2023-09-25T01:09:12.097Z] <<< [apiv2][body] GET https://serviceusage.googleapis.com/v1/projects/researchpo2/services/cloudbuild.googleapis.com [omitted]
[info] +  functions: required API cloudbuild.googleapis.com is enabled 
[debug] [2023-09-25T01:09:12.102Z] <<< [apiv2][status] GET https://serviceusage.googleapis.com/v1/projects/researchpo2/services/cloudfunctions.googleapis.com 200
[debug] [2023-09-25T01:09:12.102Z] <<< [apiv2][body] GET https://serviceusage.googleapis.com/v1/projects/researchpo2/services/cloudfunctions.googleapis.com [omitted]
[info] +  functions: required API cloudfunctions.googleapis.com is enabled 
[debug] [2023-09-25T01:09:12.108Z] <<< [apiv2][status] GET https://serviceusage.googleapis.com/v1/projects/researchpo2/services/runtimeconfig.googleapis.com 200
[debug] [2023-09-25T01:09:12.108Z] <<< [apiv2][body] GET https://serviceusage.googleapis.com/v1/projects/researchpo2/services/runtimeconfig.googleapis.com [omitted]
[debug] [2023-09-25T01:09:12.117Z] <<< [apiv2][status] GET https://serviceusage.googleapis.com/v1/projects/researchpo2/services/artifactregistry.googleapis.com 200
[debug] [2023-09-25T01:09:12.117Z] <<< [apiv2][body] GET https://serviceusage.googleapis.com/v1/projects/researchpo2/services/artifactregistry.googleapis.com [omitted]
[info] +  artifactregistry: required API artifactregistry.googleapis.com is enabled 
[debug] [2023-09-25T01:09:12.119Z] >>> [apiv2][query] GET https://firebase.googleapis.com/v1beta1/projects/researchpo2/adminSdkConfig [none]
[debug] [2023-09-25T01:09:12.267Z] <<< [apiv2][status] GET https://firebase.googleapis.com/v1beta1/projects/researchpo2/adminSdkConfig 200
[debug] [2023-09-25T01:09:12.267Z] <<< [apiv2][body] GET https://firebase.googleapis.com/v1beta1/projects/researchpo2/adminSdkConfig {"projectId":"researchpo2","storageBucket":"researchpo2.appspot.com"}
[debug] [2023-09-25T01:09:12.268Z] >>> [apiv2][query] GET https://runtimeconfig.googleapis.com/v1beta1/projects/researchpo2/configs [none]
[debug] [2023-09-25T01:09:12.375Z] <<< [apiv2][status] GET https://runtimeconfig.googleapis.com/v1beta1/projects/researchpo2/configs 200
[debug] [2023-09-25T01:09:12.375Z] <<< [apiv2][body] GET https://runtimeconfig.googleapis.com/v1beta1/projects/researchpo2/configs {}
[debug] [2023-09-25T01:09:12.377Z] Validating nodejs source
[debug] [2023-09-25T01:09:14.104Z] > [functions] package.json contents: {
  "name": "functions",
  "description": "Cloud Functions for Firebase",
  "scripts": {
    "serve": "firebase emulators:start --only functions",
    "shell": "firebase functions:shell",
    "start": "npm run shell",
    "deploy": "firebase deploy --only functions",
    "logs": "firebase functions:log"
  },
  "engines": {
    "node": "18"
  },
  "main": "index.js",
  "dependencies": {
    "firebase-admin": "^11.8.0",
    "firebase-functions": "^4.3.1",
    "dotenv": "^16.3.1",
    "express": "^4.18.2",
    "express-session": "^1.17.3",
    "mongodb": "^5.7.0",
    "mongoose": "^7.3.2",
    "moongoose": "^0.0.5"
  },
  "devDependencies": {
    "firebase-functions-test": "^3.1.0"
  },
  "private": true
}
[debug] [2023-09-25T01:09:14.104Z] Building nodejs source
[info] i  functions: Loading and analyzing source code for codebase default to determine what to deploy 
[debug] [2023-09-25T01:09:14.106Z] Could not find functions.yaml. Must use http discovery
[debug] [2023-09-25T01:09:14.113Z] Found firebase-functions binary at 'C:\Users\PC\Desktop\Research\functions\node_modules\.bin\firebase-functions'
[info] Serving at port 8525

[error] Mon, 25 Sep 2023 01:09:15 GMT express-session deprecated undefined resave option; provide resave option at index.js:28:9

[error] Mon, 25 Sep 2023 01:09:15 GMT express-session deprecated undefined saveUninitialized option; provide saveUninitialized option at index.js:28:9

[debug] [2023-09-25T01:09:15.055Z] Got response from /__/functions.yaml {"endpoints":{"app":{"platform":"gcfv1","availableMemoryMb":null,"timeoutSeconds":null,"minInstances":null,"maxInstances":null,"ingressSettings":null,"serviceAccountEmail":null,"vpc":null,"httpsTrigger":{},"entryPoint":"app"}},"specVersion":"v1alpha1","requiredAPIs":[]}
[info] shutdown requested via /__/quitquitquit

[info] listening on port 6002

[info] i  functions: preparing functions directory for uploading... 
[info] i  functions: packaged C:\Users\PC\Desktop\Research\functions (71.15 KB) for uploading 
[debug] [2023-09-25T01:09:25.137Z] >>> [apiv2][query] GET https://cloudfunctions.googleapis.com/v1/projects/researchpo2/locations/-/functions [none]
[debug] [2023-09-25T01:09:25.517Z] <<< [apiv2][status] GET https://cloudfunctions.googleapis.com/v1/projects/researchpo2/locations/-/functions 200
[debug] [2023-09-25T01:09:25.520Z] <<< [apiv2][body] GET https://cloudfunctions.googleapis.com/v1/projects/researchpo2/locations/-/functions {"functions":[{"name":"projects/researchpo2/locations/us-central1/functions/app","httpsTrigger":{"url":"https://us-central1-researchpo2.cloudfunctions.net/app","securityLevel":"SECURE_ALWAYS"},"status":"OFFLINE","entryPoint":"app","timeout":"60s","availableMemoryMb":256,"serviceAccountEmail":"researchpo2@appspot.gserviceaccount.com","updateTime":"2023-09-24T23:28:43.019Z","versionId":"3","labels":{"deployment-tool":"cli-firebase","firebase-functions-hash":"2757c6ed7dad30ad3dd63252192b8c7b163b23d4"},"sourceUploadUrl":"https://storage.googleapis.com/uploads-745330655240.us-central1.cloudfunctions.appspot.com/3dde23e0-2565-4eb0-94ae-9e2bcd5440c6.zip","environmentVariables":{"FIREBASE_CONFIG":"{\"projectId\":\"researchpo2\",\"storageBucket\":\"researchpo2.appspot.com\"}","GCLOUD_PROJECT":"researchpo2","EVENTARC_CLOUD_EVENT_SOURCE":"projects/researchpo2/locations/us-central1/functions/app"},"runtime":"nodejs18","ingressSettings":"ALLOW_ALL","buildId":"949176cc-793d-4d95-b776-3129b925d6a2","buildEnvironmentVariables":{"GOOGLE_NODE_RUN_SCRIPTS":""},"buildName":"projects/437012382371/locations/us-central1/builds/949176cc-793d-4d95-b776-3129b925d6a2","dockerRegistry":"ARTIFACT_REGISTRY"}]}
[debug] [2023-09-25T01:09:25.524Z] >>> [apiv2][query] GET https://cloudfunctions.googleapis.com/v2/projects/researchpo2/locations/-/functions filter=environment%3D%22GEN_2%22
[debug] [2023-09-25T01:09:25.908Z] <<< [apiv2][status] GET https://cloudfunctions.googleapis.com/v2/projects/researchpo2/locations/-/functions 200
[debug] [2023-09-25T01:09:25.909Z] <<< [apiv2][body] GET https://cloudfunctions.googleapis.com/v2/projects/researchpo2/locations/-/functions {}
[debug] [2023-09-25T01:09:25.915Z] >>> [apiv2][query] GET https://firebase.googleapis.com/v1beta1/projects/researchpo2 [none]
[debug] [2023-09-25T01:09:26.022Z] <<< [apiv2][status] GET https://firebase.googleapis.com/v1beta1/projects/researchpo2 200
[debug] [2023-09-25T01:09:26.022Z] <<< [apiv2][body] GET https://firebase.googleapis.com/v1beta1/projects/researchpo2 {"projectId":"researchpo2","projectNumber":"437012382371","displayName":"researchpo2","name":"projects/researchpo2","resources":{"hostingSite":"researchpo2"},"state":"ACTIVE","etag":"1_ac55c7b9-c527-4be3-82a3-1e1ca29e0f8a"}
[debug] [2023-09-25T01:09:26.024Z] >>> [apiv2][query] POST https://cloudfunctions.googleapis.com/v1/projects/researchpo2/locations/us-central1/functions:generateUploadUrl [none]
[debug] [2023-09-25T01:09:26.024Z] >>> [apiv2][body] POST https://cloudfunctions.googleapis.com/v1/projects/researchpo2/locations/us-central1/functions:generateUploadUrl {}
[debug] [2023-09-25T01:09:26.467Z] <<< [apiv2][status] POST https://cloudfunctions.googleapis.com/v1/projects/researchpo2/locations/us-central1/functions:generateUploadUrl 200
[debug] [2023-09-25T01:09:26.467Z] <<< [apiv2][body] POST https://cloudfunctions.googleapis.com/v1/projects/researchpo2/locations/us-central1/functions:generateUploadUrl {"uploadUrl":"https://storage.googleapis.com/uploads-745330655240.us-central1.cloudfunctions.appspot.com/b439ee50-fd39-4aac-bea3-8e4217ccc447.zip?GoogleAccessId=service-437012382371@gcf-admin-robot.iam.gserviceaccount.com&Expires=1695605966&Signature=xxlfwx%2FRoBYw8EF1z9eAj5LidAWaTYfAv%2BjXgBKYYdhuYv30y%2Bp0ch6WWsk9g6zFXibIHCiSvE0DldjU0%2BiKsq%2Br6IraDGBIb6PhsVajo8vGxSIOb5uZdZ5nMIKY76PeZnHX4u%2BlRFv1bo8bFpNRfUtxrRcDm%2FoJev3%2BIkAIqfx743efCulSzxBFMA9iGGLF%2FaSmPhDTiw20Os0fqNS5kvEnxN6jBH%2F8j12KTcxnYTAhIL1NmdurG5W4kkj%2FzRQqa%2FopPlh2YX5MT3rYa84gKkTtZgEN2oHTXp9UoGs%2BBeyRK0%2BvvFRjzYlK%2BS8XYuBIFFychoCqhhoM2Uvqe2F6lw%3D%3D"}
[debug] [2023-09-25T01:09:26.470Z] >>> [apiv2][query] PUT https://storage.googleapis.com/uploads-745330655240.us-central1.cloudfunctions.appspot.com/b439ee50-fd39-4aac-bea3-8e4217ccc447.zip GoogleAccessId=service-437012382371%40gcf-admin-robot.iam.gserviceaccount.com&Expires=1695605966&Signature=xxlfwx%2FRoBYw8EF1z9eAj5LidAWaTYfAv%2BjXgBKYYdhuYv30y%2Bp0ch6WWsk9g6zFXibIHCiSvE0DldjU0%2BiKsq%2Br6IraDGBIb6PhsVajo8vGxSIOb5uZdZ5nMIKY76PeZnHX4u%2BlRFv1bo8bFpNRfUtxrRcDm%2FoJev3%2BIkAIqfx743efCulSzxBFMA9iGGLF%2FaSmPhDTiw20Os0fqNS5kvEnxN6jBH%2F8j12KTcxnYTAhIL1NmdurG5W4kkj%2FzRQqa%2FopPlh2YX5MT3rYa84gKkTtZgEN2oHTXp9UoGs%2BBeyRK0%2BvvFRjzYlK%2BS8XYuBIFFychoCqhhoM2Uvqe2F6lw%3D%3D
[debug] [2023-09-25T01:09:26.470Z] >>> [apiv2][body] PUT https://storage.googleapis.com/uploads-745330655240.us-central1.cloudfunctions.appspot.com/b439ee50-fd39-4aac-bea3-8e4217ccc447.zip [stream]
[debug] [2023-09-25T01:09:26.691Z] <<< [apiv2][status] PUT https://storage.googleapis.com/uploads-745330655240.us-central1.cloudfunctions.appspot.com/b439ee50-fd39-4aac-bea3-8e4217ccc447.zip 200
[debug] [2023-09-25T01:09:26.691Z] <<< [apiv2][body] PUT https://storage.googleapis.com/uploads-745330655240.us-central1.cloudfunctions.appspot.com/b439ee50-fd39-4aac-bea3-8e4217ccc447.zip [omitted]
[info] +  functions: functions folder uploaded successfully 
[info] i  functions: updating Node.js 18 (1st Gen) function app(us-central1)... 
[debug] [2023-09-25T01:09:26.707Z] >>> [apiv2][query] PATCH https://cloudfunctions.googleapis.com/v1/projects/researchpo2/locations/us-central1/functions/app updateMask=name%2CsourceUploadUrl%2CentryPoint%2Cruntime%2CdockerRegistry%2Clabels%2ChttpsTrigger.securityLevel%2CminInstances%2CmaxInstances%2CingressSettings%2CenvironmentVariables%2CserviceAccountEmail%2CavailableMemoryMb%2Ctimeout%2CvpcConnector%2CvpcConnectorEgressSettings%2CsourceToken%2CbuildEnvironmentVariables
[debug] [2023-09-25T01:09:26.707Z] >>> [apiv2][body] PATCH https://cloudfunctions.googleapis.com/v1/projects/researchpo2/locations/us-central1/functions/app {"name":"projects/researchpo2/locations/us-central1/functions/app","sourceUploadUrl":"https://storage.googleapis.com/uploads-745330655240.us-central1.cloudfunctions.appspot.com/b439ee50-fd39-4aac-bea3-8e4217ccc447.zip?GoogleAccessId=service-437012382371@gcf-admin-robot.iam.gserviceaccount.com&Expires=1695605966&Signature=xxlfwx%2FRoBYw8EF1z9eAj5LidAWaTYfAv%2BjXgBKYYdhuYv30y%2Bp0ch6WWsk9g6zFXibIHCiSvE0DldjU0%2BiKsq%2Br6IraDGBIb6PhsVajo8vGxSIOb5uZdZ5nMIKY76PeZnHX4u%2BlRFv1bo8bFpNRfUtxrRcDm%2FoJev3%2BIkAIqfx743efCulSzxBFMA9iGGLF%2FaSmPhDTiw20Os0fqNS5kvEnxN6jBH%2F8j12KTcxnYTAhIL1NmdurG5W4kkj%2FzRQqa%2FopPlh2YX5MT3rYa84gKkTtZgEN2oHTXp9UoGs%2BBeyRK0%2BvvFRjzYlK%2BS8XYuBIFFychoCqhhoM2Uvqe2F6lw%3D%3D","entryPoint":"app","runtime":"nodejs18","dockerRegistry":"ARTIFACT_REGISTRY","labels":{"deployment-tool":"cli-firebase","firebase-functions-hash":"4be3239778f29d0bed3248686afe73170598b0e0"},"httpsTrigger":{"securityLevel":"SECURE_ALWAYS"},"minInstances":null,"maxInstances":null,"ingressSettings":null,"environmentVariables":{"FIREBASE_CONFIG":"{\"projectId\":\"researchpo2\",\"storageBucket\":\"researchpo2.appspot.com\"}","GCLOUD_PROJECT":"researchpo2","EVENTARC_CLOUD_EVENT_SOURCE":"projects/researchpo2/locations/us-central1/functions/app"},"serviceAccountEmail":null,"availableMemoryMb":null,"timeout":null,"vpcConnector":null,"vpcConnectorEgressSettings":null,"buildEnvironmentVariables":{"GOOGLE_NODE_RUN_SCRIPTS":""}}
[debug] [2023-09-25T01:09:27.089Z] <<< [apiv2][status] PATCH https://cloudfunctions.googleapis.com/v1/projects/researchpo2/locations/us-central1/functions/app 200
[debug] [2023-09-25T01:09:27.089Z] <<< [apiv2][body] PATCH https://cloudfunctions.googleapis.com/v1/projects/researchpo2/locations/us-central1/functions/app {"name":"operations/cmVzZWFyY2hwbzIvdXMtY2VudHJhbDEvYXBwL1g1VmRtVnVKTkJj","metadata":{"@type":"type.googleapis.com/google.cloud.functions.v1.OperationMetadataV1","target":"projects/researchpo2/locations/us-central1/functions/app","type":"UPDATE_FUNCTION","request":{"@type":"type.googleapis.com/google.cloud.functions.v1.CloudFunction","name":"projects/researchpo2/locations/us-central1/functions/app","httpsTrigger":{"url":"https://us-central1-researchpo2.cloudfunctions.net/app","securityLevel":"SECURE_ALWAYS"},"status":"OFFLINE","entryPoint":"app","updateTime":"2023-09-24T23:28:43.019Z","versionId":"3","labels":{"deployment-tool":"cli-firebase","firebase-functions-hash":"4be3239778f29d0bed3248686afe73170598b0e0"},"sourceUploadUrl":"https://storage.googleapis.com/uploads-745330655240.us-central1.cloudfunctions.appspot.com/b439ee50-fd39-4aac-bea3-8e4217ccc447.zip?GoogleAccessId=service-437012382371@gcf-admin-robot.iam.gserviceaccount.com&Expires=1695605966&Signature=xxlfwx%2FRoBYw8EF1z9eAj5LidAWaTYfAv%2BjXgBKYYdhuYv30y%2Bp0ch6WWsk9g6zFXibIHCiSvE0DldjU0%2BiKsq%2Br6IraDGBIb6PhsVajo8vGxSIOb5uZdZ5nMIKY76PeZnHX4u%2BlRFv1bo8bFpNRfUtxrRcDm%2FoJev3%2BIkAIqfx743efCulSzxBFMA9iGGLF%2FaSmPhDTiw20Os0fqNS5kvEnxN6jBH%2F8j12KTcxnYTAhIL1NmdurG5W4kkj%2FzRQqa%2FopPlh2YX5MT3rYa84gKkTtZgEN2oHTXp9UoGs%2BBeyRK0%2BvvFRjzYlK%2BS8XYuBIFFychoCqhhoM2Uvqe2F6lw%3D%3D","environmentVariables":{"FIREBASE_CONFIG":"{\"projectId\":\"researchpo2\",\"storageBucket\":\"researchpo2.appspot.com\"}","GCLOUD_PROJECT":"researchpo2","EVENTARC_CLOUD_EVENT_SOURCE":"projects/researchpo2/locations/us-central1/functions/app"},"runtime":"nodejs18","buildId":"949176cc-793d-4d95-b776-3129b925d6a2","buildEnvironmentVariables":{"GOOGLE_NODE_RUN_SCRIPTS":""},"buildName":"projects/437012382371/locations/us-central1/builds/949176cc-793d-4d95-b776-3129b925d6a2","dockerRegistry":"ARTIFACT_REGISTRY"},"versionId":"4","updateTime":"2023-09-25T01:09:26Z"}}
[debug] [2023-09-25T01:09:27.090Z] >>> [apiv2][query] GET https://cloudfunctions.googleapis.com/v1/operations/cmVzZWFyY2hwbzIvdXMtY2VudHJhbDEvYXBwL1g1VmRtVnVKTkJj [none]
[debug] [2023-09-25T01:09:27.193Z] <<< [apiv2][status] GET https://cloudfunctions.googleapis.com/v1/operations/cmVzZWFyY2hwbzIvdXMtY2VudHJhbDEvYXBwL1g1VmRtVnVKTkJj 200
[debug] [2023-09-25T01:09:27.193Z] <<< [apiv2][body] GET https://cloudfunctions.googleapis.com/v1/operations/cmVzZWFyY2hwbzIvdXMtY2VudHJhbDEvYXBwL1g1VmRtVnVKTkJj {"name":"operations/cmVzZWFyY2hwbzIvdXMtY2VudHJhbDEvYXBwL1g1VmRtVnVKTkJj","metadata":{"@type":"type.googleapis.com/google.cloud.functions.v1.OperationMetadataV1","target":"projects/researchpo2/locations/us-central1/functions/app","type":"UPDATE_FUNCTION","request":{"@type":"type.googleapis.com/google.cloud.functions.v1.CloudFunction","name":"projects/researchpo2/locations/us-central1/functions/app","httpsTrigger":{"url":"https://us-central1-researchpo2.cloudfunctions.net/app","securityLevel":"SECURE_ALWAYS"},"status":"OFFLINE","entryPoint":"app","updateTime":"2023-09-24T23:28:43.019Z","versionId":"3","labels":{"deployment-tool":"cli-firebase","firebase-functions-hash":"4be3239778f29d0bed3248686afe73170598b0e0"},"sourceUploadUrl":"https://storage.googleapis.com/uploads-745330655240.us-central1.cloudfunctions.appspot.com/b439ee50-fd39-4aac-bea3-8e4217ccc447.zip?GoogleAccessId=service-437012382371@gcf-admin-robot.iam.gserviceaccount.com&Expires=1695605966&Signature=xxlfwx%2FRoBYw8EF1z9eAj5LidAWaTYfAv%2BjXgBKYYdhuYv30y%2Bp0ch6WWsk9g6zFXibIHCiSvE0DldjU0%2BiKsq%2Br6IraDGBIb6PhsVajo8vGxSIOb5uZdZ5nMIKY76PeZnHX4u%2BlRFv1bo8bFpNRfUtxrRcDm%2FoJev3%2BIkAIqfx743efCulSzxBFMA9iGGLF%2FaSmPhDTiw20Os0fqNS5kvEnxN6jBH%2F8j12KTcxnYTAhIL1NmdurG5W4kkj%2FzRQqa%2FopPlh2YX5MT3rYa84gKkTtZgEN2oHTXp9UoGs%2BBeyRK0%2BvvFRjzYlK%2BS8XYuBIFFychoCqhhoM2Uvqe2F6lw%3D%3D","environmentVariables":{"FIREBASE_CONFIG":"{\"projectId\":\"researchpo2\",\"storageBucket\":\"researchpo2.appspot.com\"}","GCLOUD_PROJECT":"researchpo2","EVENTARC_CLOUD_EVENT_SOURCE":"projects/researchpo2/locations/us-central1/functions/app"},"runtime":"nodejs18","buildId":"949176cc-793d-4d95-b776-3129b925d6a2","buildEnvironmentVariables":{"GOOGLE_NODE_RUN_SCRIPTS":""},"buildName":"projects/437012382371/locations/us-central1/builds/949176cc-793d-4d95-b776-3129b925d6a2","dockerRegistry":"ARTIFACT_REGISTRY"},"versionId":"4","updateTime":"2023-09-25T01:09:26Z"}}
[debug] [2023-09-25T01:09:27.707Z] [update-default-us-central1-app] Retrying task index 0
[debug] [2023-09-25T01:09:27.708Z] >>> [apiv2][query] GET https://cloudfunctions.googleapis.com/v1/operations/cmVzZWFyY2hwbzIvdXMtY2VudHJhbDEvYXBwL1g1VmRtVnVKTkJj [none]
[debug] [2023-09-25T01:09:27.800Z] <<< [apiv2][status] GET https://cloudfunctions.googleapis.com/v1/operations/cmVzZWFyY2hwbzIvdXMtY2VudHJhbDEvYXBwL1g1VmRtVnVKTkJj 200
[debug] [2023-09-25T01:09:27.801Z] <<< [apiv2][body] GET https://cloudfunctions.googleapis.com/v1/operations/cmVzZWFyY2hwbzIvdXMtY2VudHJhbDEvYXBwL1g1VmRtVnVKTkJj {"name":"operations/cmVzZWFyY2hwbzIvdXMtY2VudHJhbDEvYXBwL1g1VmRtVnVKTkJj","metadata":{"@type":"type.googleapis.com/google.cloud.functions.v1.OperationMetadataV1","target":"projects/researchpo2/locations/us-central1/functions/app","type":"UPDATE_FUNCTION","request":{"@type":"type.googleapis.com/google.cloud.functions.v1.CloudFunction","name":"projects/researchpo2/locations/us-central1/functions/app","httpsTrigger":{"url":"https://us-central1-researchpo2.cloudfunctions.net/app","securityLevel":"SECURE_ALWAYS"},"status":"OFFLINE","entryPoint":"app","updateTime":"2023-09-24T23:28:43.019Z","versionId":"3","labels":{"deployment-tool":"cli-firebase","firebase-functions-hash":"4be3239778f29d0bed3248686afe73170598b0e0"},"sourceUploadUrl":"https://storage.googleapis.com/uploads-745330655240.us-central1.cloudfunctions.appspot.com/b439ee50-fd39-4aac-bea3-8e4217ccc447.zip?GoogleAccessId=service-437012382371@gcf-admin-robot.iam.gserviceaccount.com&Expires=1695605966&Signature=xxlfwx%2FRoBYw8EF1z9eAj5LidAWaTYfAv%2BjXgBKYYdhuYv30y%2Bp0ch6WWsk9g6zFXibIHCiSvE0DldjU0%2BiKsq%2Br6IraDGBIb6PhsVajo8vGxSIOb5uZdZ5nMIKY76PeZnHX4u%2BlRFv1bo8bFpNRfUtxrRcDm%2FoJev3%2BIkAIqfx743efCulSzxBFMA9iGGLF%2FaSmPhDTiw20Os0fqNS5kvEnxN6jBH%2F8j12KTcxnYTAhIL1NmdurG5W4kkj%2FzRQqa%2FopPlh2YX5MT3rYa84gKkTtZgEN2oHTXp9UoGs%2BBeyRK0%2BvvFRjzYlK%2BS8XYuBIFFychoCqhhoM2Uvqe2F6lw%3D%3D","environmentVariables":{"FIREBASE_CONFIG":"{\"projectId\":\"researchpo2\",\"storageBucket\":\"researchpo2.appspot.com\"}","GCLOUD_PROJECT":"researchpo2","EVENTARC_CLOUD_EVENT_SOURCE":"projects/researchpo2/locations/us-central1/functions/app"},"runtime":"nodejs18","buildId":"949176cc-793d-4d95-b776-3129b925d6a2","buildEnvironmentVariables":{"GOOGLE_NODE_RUN_SCRIPTS":""},"buildName":"projects/437012382371/locations/us-central1/builds/949176cc-793d-4d95-b776-3129b925d6a2","dockerRegistry":"ARTIFACT_REGISTRY"},"versionId":"4","updateTime":"2023-09-25T01:09:27Z"}}
[debug] [2023-09-25T01:09:28.807Z] [update-default-us-central1-app] Retrying task index 0
[debug] [2023-09-25T01:09:28.808Z] >>> [apiv2][query] GET https://cloudfunctions.googleapis.com/v1/operations/cmVzZWFyY2hwbzIvdXMtY2VudHJhbDEvYXBwL1g1VmRtVnVKTkJj [none]
[debug] [2023-09-25T01:09:28.906Z] <<< [apiv2][status] GET https://cloudfunctions.googleapis.com/v1/operations/cmVzZWFyY2hwbzIvdXMtY2VudHJhbDEvYXBwL1g1VmRtVnVKTkJj 200
[debug] [2023-09-25T01:09:28.906Z] <<< [apiv2][body] GET https://cloudfunctions.googleapis.com/v1/operations/cmVzZWFyY2hwbzIvdXMtY2VudHJhbDEvYXBwL1g1VmRtVnVKTkJj {"name":"operations/cmVzZWFyY2hwbzIvdXMtY2VudHJhbDEvYXBwL1g1VmRtVnVKTkJj","metadata":{"@type":"type.googleapis.com/google.cloud.functions.v1.OperationMetadataV1","target":"projects/researchpo2/locations/us-central1/functions/app","type":"UPDATE_FUNCTION","request":{"@type":"type.googleapis.com/google.cloud.functions.v1.CloudFunction","name":"projects/researchpo2/locations/us-central1/functions/app","httpsTrigger":{"url":"https://us-central1-researchpo2.cloudfunctions.net/app","securityLevel":"SECURE_ALWAYS"},"status":"OFFLINE","entryPoint":"app","updateTime":"2023-09-24T23:28:43.019Z","versionId":"3","labels":{"deployment-tool":"cli-firebase","firebase-functions-hash":"4be3239778f29d0bed3248686afe73170598b0e0"},"sourceUploadUrl":"https://storage.googleapis.com/uploads-745330655240.us-central1.cloudfunctions.appspot.com/b439ee50-fd39-4aac-bea3-8e4217ccc447.zip?GoogleAccessId=service-437012382371@gcf-admin-robot.iam.gserviceaccount.com&Expires=1695605966&Signature=xxlfwx%2FRoBYw8EF1z9eAj5LidAWaTYfAv%2BjXgBKYYdhuYv30y%2Bp0ch6WWsk9g6zFXibIHCiSvE0DldjU0%2BiKsq%2Br6IraDGBIb6PhsVajo8vGxSIOb5uZdZ5nMIKY76PeZnHX4u%2BlRFv1bo8bFpNRfUtxrRcDm%2FoJev3%2BIkAIqfx743efCulSzxBFMA9iGGLF%2FaSmPhDTiw20Os0fqNS5kvEnxN6jBH%2F8j12KTcxnYTAhIL1NmdurG5W4kkj%2FzRQqa%2FopPlh2YX5MT3rYa84gKkTtZgEN2oHTXp9UoGs%2BBeyRK0%2BvvFRjzYlK%2BS8XYuBIFFychoCqhhoM2Uvqe2F6lw%3D%3D","environmentVariables":{"FIREBASE_CONFIG":"{\"projectId\":\"researchpo2\",\"storageBucket\":\"researchpo2.appspot.com\"}","GCLOUD_PROJECT":"researchpo2","EVENTARC_CLOUD_EVENT_SOURCE":"projects/researchpo2/locations/us-central1/functions/app"},"runtime":"nodejs18","buildId":"949176cc-793d-4d95-b776-3129b925d6a2","buildEnvironmentVariables":{"GOOGLE_NODE_RUN_SCRIPTS":""},"buildName":"projects/437012382371/locations/us-central1/builds/949176cc-793d-4d95-b776-3129b925d6a2","dockerRegistry":"ARTIFACT_REGISTRY"},"versionId":"4","updateTime":"2023-09-25T01:09:27Z","buildId":"810c4270-2b83-4cc9-b511-5dfa1b439aa9","buildName":"projects/437012382371/locations/us-central1/builds/810c4270-2b83-4cc9-b511-5dfa1b439aa9"}}
[debug] [2023-09-25T01:09:30.906Z] [update-default-us-central1-app] Retrying task index 0
[debug] [2023-09-25T01:09:30.907Z] >>> [apiv2][query] GET https://cloudfunctions.googleapis.com/v1/operations/cmVzZWFyY2hwbzIvdXMtY2VudHJhbDEvYXBwL1g1VmRtVnVKTkJj [none]
[debug] [2023-09-25T01:09:31.029Z] <<< [apiv2][status] GET https://cloudfunctions.googleapis.com/v1/operations/cmVzZWFyY2hwbzIvdXMtY2VudHJhbDEvYXBwL1g1VmRtVnVKTkJj 200
[debug] [2023-09-25T01:09:31.030Z] <<< [apiv2][body] GET https://cloudfunctions.googleapis.com/v1/operations/cmVzZWFyY2hwbzIvdXMtY2VudHJhbDEvYXBwL1g1VmRtVnVKTkJj {"name":"operations/cmVzZWFyY2hwbzIvdXMtY2VudHJhbDEvYXBwL1g1VmRtVnVKTkJj","metadata":{"@type":"type.googleapis.com/google.cloud.functions.v1.OperationMetadataV1","target":"projects/researchpo2/locations/us-central1/functions/app","type":"UPDATE_FUNCTION","request":{"@type":"type.googleapis.com/google.cloud.functions.v1.CloudFunction","name":"projects/researchpo2/locations/us-central1/functions/app","httpsTrigger":{"url":"https://us-central1-researchpo2.cloudfunctions.net/app","securityLevel":"SECURE_ALWAYS"},"status":"OFFLINE","entryPoint":"app","updateTime":"2023-09-24T23:28:43.019Z","versionId":"3","labels":{"deployment-tool":"cli-firebase","firebase-functions-hash":"4be3239778f29d0bed3248686afe73170598b0e0"},"sourceUploadUrl":"https://storage.googleapis.com/uploads-745330655240.us-central1.cloudfunctions.appspot.com/b439ee50-fd39-4aac-bea3-8e4217ccc447.zip?GoogleAccessId=service-437012382371@gcf-admin-robot.iam.gserviceaccount.com&Expires=1695605966&Signature=xxlfwx%2FRoBYw8EF1z9eAj5LidAWaTYfAv%2BjXgBKYYdhuYv30y%2Bp0ch6WWsk9g6zFXibIHCiSvE0DldjU0%2BiKsq%2Br6IraDGBIb6PhsVajo8vGxSIOb5uZdZ5nMIKY76PeZnHX4u%2BlRFv1bo8bFpNRfUtxrRcDm%2FoJev3%2BIkAIqfx743efCulSzxBFMA9iGGLF%2FaSmPhDTiw20Os0fqNS5kvEnxN6jBH%2F8j12KTcxnYTAhIL1NmdurG5W4kkj%2FzRQqa%2FopPlh2YX5MT3rYa84gKkTtZgEN2oHTXp9UoGs%2BBeyRK0%2BvvFRjzYlK%2BS8XYuBIFFychoCqhhoM2Uvqe2F6lw%3D%3D","environmentVariables":{"FIREBASE_CONFIG":"{\"projectId\":\"researchpo2\",\"storageBucket\":\"researchpo2.appspot.com\"}","GCLOUD_PROJECT":"researchpo2","EVENTARC_CLOUD_EVENT_SOURCE":"projects/researchpo2/locations/us-central1/functions/app"},"runtime":"nodejs18","buildId":"949176cc-793d-4d95-b776-3129b925d6a2","buildEnvironmentVariables":{"GOOGLE_NODE_RUN_SCRIPTS":""},"buildName":"projects/437012382371/locations/us-central1/builds/949176cc-793d-4d95-b776-3129b925d6a2","dockerRegistry":"ARTIFACT_REGISTRY"},"versionId":"4","updateTime":"2023-09-25T01:09:27Z","buildId":"810c4270-2b83-4cc9-b511-5dfa1b439aa9","buildName":"projects/437012382371/locations/us-central1/builds/810c4270-2b83-4cc9-b511-5dfa1b439aa9"}}
[debug] [2023-09-25T01:09:35.039Z] [update-default-us-central1-app] Retrying task index 0
[debug] [2023-09-25T01:09:35.040Z] >>> [apiv2][query] GET https://cloudfunctions.googleapis.com/v1/operations/cmVzZWFyY2hwbzIvdXMtY2VudHJhbDEvYXBwL1g1VmRtVnVKTkJj [none]
[debug] [2023-09-25T01:09:35.132Z] <<< [apiv2][status] GET https://cloudfunctions.googleapis.com/v1/operations/cmVzZWFyY2hwbzIvdXMtY2VudHJhbDEvYXBwL1g1VmRtVnVKTkJj 200
[debug] [2023-09-25T01:09:35.132Z] <<< [apiv2][body] GET https://cloudfunctions.googleapis.com/v1/operations/cmVzZWFyY2hwbzIvdXMtY2VudHJhbDEvYXBwL1g1VmRtVnVKTkJj {"name":"operations/cmVzZWFyY2hwbzIvdXMtY2VudHJhbDEvYXBwL1g1VmRtVnVKTkJj","metadata":{"@type":"type.googleapis.com/google.cloud.functions.v1.OperationMetadataV1","target":"projects/researchpo2/locations/us-central1/functions/app","type":"UPDATE_FUNCTION","request":{"@type":"type.googleapis.com/google.cloud.functions.v1.CloudFunction","name":"projects/researchpo2/locations/us-central1/functions/app","httpsTrigger":{"url":"https://us-central1-researchpo2.cloudfunctions.net/app","securityLevel":"SECURE_ALWAYS"},"status":"OFFLINE","entryPoint":"app","updateTime":"2023-09-24T23:28:43.019Z","versionId":"3","labels":{"deployment-tool":"cli-firebase","firebase-functions-hash":"4be3239778f29d0bed3248686afe73170598b0e0"},"sourceUploadUrl":"https://storage.googleapis.com/uploads-745330655240.us-central1.cloudfunctions.appspot.com/b439ee50-fd39-4aac-bea3-8e4217ccc447.zip?GoogleAccessId=service-437012382371@gcf-admin-robot.iam.gserviceaccount.com&Expires=1695605966&Signature=xxlfwx%2FRoBYw8EF1z9eAj5LidAWaTYfAv%2BjXgBKYYdhuYv30y%2Bp0ch6WWsk9g6zFXibIHCiSvE0DldjU0%2BiKsq%2Br6IraDGBIb6PhsVajo8vGxSIOb5uZdZ5nMIKY76PeZnHX4u%2BlRFv1bo8bFpNRfUtxrRcDm%2FoJev3%2BIkAIqfx743efCulSzxBFMA9iGGLF%2FaSmPhDTiw20Os0fqNS5kvEnxN6jBH%2F8j12KTcxnYTAhIL1NmdurG5W4kkj%2FzRQqa%2FopPlh2YX5MT3rYa84gKkTtZgEN2oHTXp9UoGs%2BBeyRK0%2BvvFRjzYlK%2BS8XYuBIFFychoCqhhoM2Uvqe2F6lw%3D%3D","environmentVariables":{"FIREBASE_CONFIG":"{\"projectId\":\"researchpo2\",\"storageBucket\":\"researchpo2.appspot.com\"}","GCLOUD_PROJECT":"researchpo2","EVENTARC_CLOUD_EVENT_SOURCE":"projects/researchpo2/locations/us-central1/functions/app"},"runtime":"nodejs18","buildId":"949176cc-793d-4d95-b776-3129b925d6a2","buildEnvironmentVariables":{"GOOGLE_NODE_RUN_SCRIPTS":""},"buildName":"projects/437012382371/locations/us-central1/builds/949176cc-793d-4d95-b776-3129b925d6a2","dockerRegistry":"ARTIFACT_REGISTRY"},"versionId":"4","updateTime":"2023-09-25T01:09:27Z","buildId":"810c4270-2b83-4cc9-b511-5dfa1b439aa9","buildName":"projects/437012382371/locations/us-central1/builds/810c4270-2b83-4cc9-b511-5dfa1b439aa9"}}
[debug] [2023-09-25T01:09:43.138Z] [update-default-us-central1-app] Retrying task index 0
[debug] [2023-09-25T01:09:43.139Z] >>> [apiv2][query] GET https://cloudfunctions.googleapis.com/v1/operations/cmVzZWFyY2hwbzIvdXMtY2VudHJhbDEvYXBwL1g1VmRtVnVKTkJj [none]
[debug] [2023-09-25T01:09:43.244Z] <<< [apiv2][status] GET https://cloudfunctions.googleapis.com/v1/operations/cmVzZWFyY2hwbzIvdXMtY2VudHJhbDEvYXBwL1g1VmRtVnVKTkJj 200
[debug] [2023-09-25T01:09:43.244Z] <<< [apiv2][body] GET https://cloudfunctions.googleapis.com/v1/operations/cmVzZWFyY2hwbzIvdXMtY2VudHJhbDEvYXBwL1g1VmRtVnVKTkJj {"name":"operations/cmVzZWFyY2hwbzIvdXMtY2VudHJhbDEvYXBwL1g1VmRtVnVKTkJj","metadata":{"@type":"type.googleapis.com/google.cloud.functions.v1.OperationMetadataV1","target":"projects/researchpo2/locations/us-central1/functions/app","type":"UPDATE_FUNCTION","request":{"@type":"type.googleapis.com/google.cloud.functions.v1.CloudFunction","name":"projects/researchpo2/locations/us-central1/functions/app","httpsTrigger":{"url":"https://us-central1-researchpo2.cloudfunctions.net/app","securityLevel":"SECURE_ALWAYS"},"status":"OFFLINE","entryPoint":"app","updateTime":"2023-09-24T23:28:43.019Z","versionId":"3","labels":{"deployment-tool":"cli-firebase","firebase-functions-hash":"4be3239778f29d0bed3248686afe73170598b0e0"},"sourceUploadUrl":"https://storage.googleapis.com/uploads-745330655240.us-central1.cloudfunctions.appspot.com/b439ee50-fd39-4aac-bea3-8e4217ccc447.zip?GoogleAccessId=service-437012382371@gcf-admin-robot.iam.gserviceaccount.com&Expires=1695605966&Signature=xxlfwx%2FRoBYw8EF1z9eAj5LidAWaTYfAv%2BjXgBKYYdhuYv30y%2Bp0ch6WWsk9g6zFXibIHCiSvE0DldjU0%2BiKsq%2Br6IraDGBIb6PhsVajo8vGxSIOb5uZdZ5nMIKY76PeZnHX4u%2BlRFv1bo8bFpNRfUtxrRcDm%2FoJev3%2BIkAIqfx743efCulSzxBFMA9iGGLF%2FaSmPhDTiw20Os0fqNS5kvEnxN6jBH%2F8j12KTcxnYTAhIL1NmdurG5W4kkj%2FzRQqa%2FopPlh2YX5MT3rYa84gKkTtZgEN2oHTXp9UoGs%2BBeyRK0%2BvvFRjzYlK%2BS8XYuBIFFychoCqhhoM2Uvqe2F6lw%3D%3D","environmentVariables":{"FIREBASE_CONFIG":"{\"projectId\":\"researchpo2\",\"storageBucket\":\"researchpo2.appspot.com\"}","GCLOUD_PROJECT":"researchpo2","EVENTARC_CLOUD_EVENT_SOURCE":"projects/researchpo2/locations/us-central1/functions/app"},"runtime":"nodejs18","buildId":"949176cc-793d-4d95-b776-3129b925d6a2","buildEnvironmentVariables":{"GOOGLE_NODE_RUN_SCRIPTS":""},"buildName":"projects/437012382371/locations/us-central1/builds/949176cc-793d-4d95-b776-3129b925d6a2","dockerRegistry":"ARTIFACT_REGISTRY"},"versionId":"4","updateTime":"2023-09-25T01:09:27Z","buildId":"810c4270-2b83-4cc9-b511-5dfa1b439aa9","buildName":"projects/437012382371/locations/us-central1/builds/810c4270-2b83-4cc9-b511-5dfa1b439aa9"}}
[debug] [2023-09-25T01:09:53.257Z] [update-default-us-central1-app] Retrying task index 0
[debug] [2023-09-25T01:09:53.258Z] >>> [apiv2][query] GET https://cloudfunctions.googleapis.com/v1/operations/cmVzZWFyY2hwbzIvdXMtY2VudHJhbDEvYXBwL1g1VmRtVnVKTkJj [none]
[debug] [2023-09-25T01:09:53.353Z] <<< [apiv2][status] GET https://cloudfunctions.googleapis.com/v1/operations/cmVzZWFyY2hwbzIvdXMtY2VudHJhbDEvYXBwL1g1VmRtVnVKTkJj 200
[debug] [2023-09-25T01:09:53.353Z] <<< [apiv2][body] GET https://cloudfunctions.googleapis.com/v1/operations/cmVzZWFyY2hwbzIvdXMtY2VudHJhbDEvYXBwL1g1VmRtVnVKTkJj {"name":"operations/cmVzZWFyY2hwbzIvdXMtY2VudHJhbDEvYXBwL1g1VmRtVnVKTkJj","metadata":{"@type":"type.googleapis.com/google.cloud.functions.v1.OperationMetadataV1","target":"projects/researchpo2/locations/us-central1/functions/app","type":"UPDATE_FUNCTION","request":{"@type":"type.googleapis.com/google.cloud.functions.v1.CloudFunction","name":"projects/researchpo2/locations/us-central1/functions/app","httpsTrigger":{"url":"https://us-central1-researchpo2.cloudfunctions.net/app","securityLevel":"SECURE_ALWAYS"},"status":"OFFLINE","entryPoint":"app","updateTime":"2023-09-24T23:28:43.019Z","versionId":"3","labels":{"deployment-tool":"cli-firebase","firebase-functions-hash":"4be3239778f29d0bed3248686afe73170598b0e0"},"sourceUploadUrl":"https://storage.googleapis.com/uploads-745330655240.us-central1.cloudfunctions.appspot.com/b439ee50-fd39-4aac-bea3-8e4217ccc447.zip?GoogleAccessId=service-437012382371@gcf-admin-robot.iam.gserviceaccount.com&Expires=1695605966&Signature=xxlfwx%2FRoBYw8EF1z9eAj5LidAWaTYfAv%2BjXgBKYYdhuYv30y%2Bp0ch6WWsk9g6zFXibIHCiSvE0DldjU0%2BiKsq%2Br6IraDGBIb6PhsVajo8vGxSIOb5uZdZ5nMIKY76PeZnHX4u%2BlRFv1bo8bFpNRfUtxrRcDm%2FoJev3%2BIkAIqfx743efCulSzxBFMA9iGGLF%2FaSmPhDTiw20Os0fqNS5kvEnxN6jBH%2F8j12KTcxnYTAhIL1NmdurG5W4kkj%2FzRQqa%2FopPlh2YX5MT3rYa84gKkTtZgEN2oHTXp9UoGs%2BBeyRK0%2BvvFRjzYlK%2BS8XYuBIFFychoCqhhoM2Uvqe2F6lw%3D%3D","environmentVariables":{"FIREBASE_CONFIG":"{\"projectId\":\"researchpo2\",\"storageBucket\":\"researchpo2.appspot.com\"}","GCLOUD_PROJECT":"researchpo2","EVENTARC_CLOUD_EVENT_SOURCE":"projects/researchpo2/locations/us-central1/functions/app"},"runtime":"nodejs18","buildId":"949176cc-793d-4d95-b776-3129b925d6a2","buildEnvironmentVariables":{"GOOGLE_NODE_RUN_SCRIPTS":""},"buildName":"projects/437012382371/locations/us-central1/builds/949176cc-793d-4d95-b776-3129b925d6a2","dockerRegistry":"ARTIFACT_REGISTRY"},"versionId":"4","updateTime":"2023-09-25T01:09:51Z","buildId":"810c4270-2b83-4cc9-b511-5dfa1b439aa9","buildName":"projects/437012382371/locations/us-central1/builds/810c4270-2b83-4cc9-b511-5dfa1b439aa9"},"done":true,"error":{"code":3,"message":"Build failed: npm ERR! code EUSAGE\nnpm ERR! \nnpm ERR! `npm ci` can only install packages when your package.json and package-lock.json or npm-shrinkwrap.json are in sync. Please update your lock file with `npm install` before continuing.\nnpm ERR! \nnpm ERR! Missing: moongoose@0.0.5 from lock file\nnpm ERR! Missing: ajv@4.11.8 from lock file\nnpm ERR! Missing: mongodb@2.2.36 from lock file\nnpm ERR! Missing: streamz@1.8.12 from lock file\nnpm ERR! Missing: json-stable-stringify@1.0.2 from lock file\nnpm ERR! Missing: jsonify@0.0.1 from lock file\nnpm ERR! Missing: es6-promise@3.2.1 from lock file\nnpm ERR! Missing: mongodb-core@2.1.20 from lock file\nnpm ERR! Missing: readable-stream@2.2.7 from lock file\nnpm ERR! Missing: bson@1.0.9 from lock file\nnpm ERR! Missing: require_optional@1.0.1 from lock file\nnpm ERR! Missing: resolve-from@2.0.0 from lock file\nnpm ERR! Missing: semver@5.7.2 from lock file\nnpm ERR! Missing: buffer-shims@1.0.0 from lock file\nnpm ERR! Missing: core-util-is@1.0.3 from lock file\nnpm ERR! Missing: isarray@1.0.0 from lock file\nnpm ERR! Missing: process-nextick-args@1.0.7 from lock file\nnpm ERR! Missing: string_decoder@1.0.3 from lock file\nnpm ERR! Missing: safe-buffer@5.1.2 from lock file\nnpm ERR! \nnpm ERR! Clean install a project\nnpm ERR! \nnpm ERR! Usage:\nnpm ERR! npm ci\nnpm ERR! \nnpm ERR! Options:\nnpm ERR! [--install-strategy <hoisted|nested|shallow|linked>] [--legacy-bundling]\nnpm ERR! [--global-style] [--omit <dev|optional|peer> [--omit <dev|optional|peer> ...]]\nnpm ERR! [--strict-peer-deps] [--no-package-lock] [--foreground-scripts]\nnpm ERR! [--ignore-scripts] [--no-audit] [--no-bin-links] [--no-fund] [--dry-run]\nnpm ERR! [-w|--workspace <workspace-name> [-w|--workspace <workspace-name> ...]]\nnpm ERR! [-ws|--workspaces] [--include-workspace-root] [--install-links]\nnpm ERR! \nnpm ERR! aliases: clean-install, ic, install-clean, isntall-clean\nnpm ERR! \nnpm ERR! Run \"npm help ci\" for more info\n\nnpm ERR! A complete log of this run can be found in: /www-data-home/.npm/_logs/2023-09-25T01_09_44_958Z-debug-0.log; Error ID: beaf8772"}}
[debug] [2023-09-25T01:09:53.353Z] Got source token undefined for region us-central1
[error] Build failed: npm ERR! code EUSAGE
npm ERR! 
npm ERR! `npm ci` can only install packages when your package.json and package-lock.json or npm-shrinkwrap.json are in sync. Please update your lock file with `npm install` before continuing.
npm ERR! 
npm ERR! Missing: moongoose@0.0.5 from lock file
npm ERR! Missing: ajv@4.11.8 from lock file
npm ERR! Missing: mongodb@2.2.36 from lock file
npm ERR! Missing: streamz@1.8.12 from lock file
npm ERR! Missing: json-stable-stringify@1.0.2 from lock file
npm ERR! Missing: jsonify@0.0.1 from lock file
npm ERR! Missing: es6-promise@3.2.1 from lock file
npm ERR! Missing: mongodb-core@2.1.20 from lock file
npm ERR! Missing: readable-stream@2.2.7 from lock file
npm ERR! Missing: bson@1.0.9 from lock file
npm ERR! Missing: require_optional@1.0.1 from lock file
npm ERR! Missing: resolve-from@2.0.0 from lock file
npm ERR! Missing: semver@5.7.2 from lock file
npm ERR! Missing: buffer-shims@1.0.0 from lock file
npm ERR! Missing: core-util-is@1.0.3 from lock file
npm ERR! Missing: isarray@1.0.0 from lock file
npm ERR! Missing: process-nextick-args@1.0.7 from lock file
npm ERR! Missing: string_decoder@1.0.3 from lock file
npm ERR! Missing: safe-buffer@5.1.2 from lock file
npm ERR! 
npm ERR! Clean install a project
npm ERR! 
npm ERR! Usage:
npm ERR! npm ci
npm ERR! 
npm ERR! Options:
npm ERR! [--install-strategy <hoisted|nested|shallow|linked>] [--legacy-bundling]
npm ERR! [--global-style] [--omit <dev|optional|peer> [--omit <dev|optional|peer> ...]]
npm ERR! [--strict-peer-deps] [--no-package-lock] [--foreground-scripts]
npm ERR! [--ignore-scripts] [--no-audit] [--no-bin-links] [--no-fund] [--dry-run]
npm ERR! [-w|--workspace <workspace-name> [-w|--workspace <workspace-name> ...]]
npm ERR! [-ws|--workspaces] [--include-workspace-root] [--install-links]
npm ERR! 
npm ERR! aliases: clean-install, ic, install-clean, isntall-clean
npm ERR! 
npm ERR! Run "npm help ci" for more info

npm ERR! A complete log of this run can be found in: /www-data-home/.npm/_logs/2023-09-25T01_09_44_958Z-debug-0.log; Error ID: beaf8772
[debug] [2023-09-25T01:09:53.367Z] Total Function Deployment time: 26660
[debug] [2023-09-25T01:09:53.367Z] 1 Functions Deployed
[debug] [2023-09-25T01:09:53.368Z] 1 Functions Errored
[debug] [2023-09-25T01:09:53.368Z] 0 Function Deployments Aborted
[debug] [2023-09-25T01:09:53.368Z] Average Function Deployment time: 26657
[info] 
[info] Functions deploy had errors with the following functions:
	app(us-central1)
[debug] [2023-09-25T01:09:53.436Z] Not printing URL for HTTPS function. Typically this means it didn't match a filter or we failed deployment
[info] i  functions: cleaning up build files... 
[debug] [2023-09-25T01:09:53.441Z] >>> [apiv2][query] DELETE https://artifactregistry.googleapis.com/v1beta2/projects/researchpo2/locations/us-central1/repositories/gcf-artifacts/packages/app [none]
[debug] [2023-09-25T01:09:53.443Z] >>> [apiv2][query] GET https://us.gcr.io/v2/researchpo2/gcf/us-central1/tags/list [none]
[debug] [2023-09-25T01:09:53.610Z] <<< [apiv2][status] DELETE https://artifactregistry.googleapis.com/v1beta2/projects/researchpo2/locations/us-central1/repositories/gcf-artifacts/packages/app 404
[debug] [2023-09-25T01:09:53.611Z] <<< [apiv2][body] DELETE https://artifactregistry.googleapis.com/v1beta2/projects/researchpo2/locations/us-central1/repositories/gcf-artifacts/packages/app {"error":{"code":404,"message":"Package \"projects/researchpo2/locations/us-central1/repositories/gcf-artifacts/packages/app\" was not found.","status":"NOT_FOUND"}}
[debug] [2023-09-25T01:09:53.621Z] <<< [apiv2][status] GET https://us.gcr.io/v2/researchpo2/gcf/us-central1/tags/list 200
[debug] [2023-09-25T01:09:53.622Z] <<< [apiv2][body] GET https://us.gcr.io/v2/researchpo2/gcf/us-central1/tags/list {"child":[],"manifest":{},"name":"researchpo2/gcf/us-central1","tags":[]}
[debug] [2023-09-25T01:09:53.622Z] Could not find image for function projects/researchpo2/locations/us-central1/functions/app
[debug] [2023-09-25T01:09:53.622Z] Functions deploy failed.
[debug] [2023-09-25T01:09:53.623Z] {
  "endpoint": {
    "id": "app",
    "project": "researchpo2",
    "region": "us-central1",
    "entryPoint": "app",
    "platform": "gcfv1",
    "runtime": "nodejs18",
    "httpsTrigger": {},
    "serviceAccount": null,
    "ingressSettings": null,
    "availableMemoryMb": null,
    "timeoutSeconds": null,
    "maxInstances": null,
    "minInstances": null,
    "vpc": null,
    "environmentVariables": {
      "FIREBASE_CONFIG": "{\"projectId\":\"researchpo2\",\"storageBucket\":\"researchpo2.appspot.com\"}",
      "GCLOUD_PROJECT": "researchpo2",
      "EVENTARC_CLOUD_EVENT_SOURCE": "projects/researchpo2/locations/us-central1/functions/app"
    },
    "codebase": "default",
    "securityLevel": "SECURE_ALWAYS",
    "targetedByOnly": false,
    "hash": "4be3239778f29d0bed3248686afe73170598b0e0",
    "labels": {
      "deployment-tool": "cli-firebase"
    }
  },
  "op": "update",
  "original": {
    "name": "FirebaseError",
    "children": [],
    "exit": 1,
    "message": "Build failed: npm ERR! code EUSAGE\nnpm ERR! \nnpm ERR! `npm ci` can only install packages when your package.json and package-lock.json or npm-shrinkwrap.json are in sync. Please update your lock file with `npm install` before continuing.\nnpm ERR! \nnpm ERR! Missing: moongoose@0.0.5 from lock file\nnpm ERR! Missing: ajv@4.11.8 from lock file\nnpm ERR! Missing: mongodb@2.2.36 from lock file\nnpm ERR! Missing: streamz@1.8.12 from lock file\nnpm ERR! Missing: json-stable-stringify@1.0.2 from lock file\nnpm ERR! Missing: jsonify@0.0.1 from lock file\nnpm ERR! Missing: es6-promise@3.2.1 from lock file\nnpm ERR! Missing: mongodb-core@2.1.20 from lock file\nnpm ERR! Missing: readable-stream@2.2.7 from lock file\nnpm ERR! Missing: bson@1.0.9 from lock file\nnpm ERR! Missing: require_optional@1.0.1 from lock file\nnpm ERR! Missing: resolve-from@2.0.0 from lock file\nnpm ERR! Missing: semver@5.7.2 from lock file\nnpm ERR! Missing: buffer-shims@1.0.0 from lock file\nnpm ERR! Missing: core-util-is@1.0.3 from lock file\nnpm ERR! Missing: isarray@1.0.0 from lock file\nnpm ERR! Missing: process-nextick-args@1.0.7 from lock file\nnpm ERR! Missing: string_decoder@1.0.3 from lock file\nnpm ERR! Missing: safe-buffer@5.1.2 from lock file\nnpm ERR! \nnpm ERR! Clean install a project\nnpm ERR! \nnpm ERR! Usage:\nnpm ERR! npm ci\nnpm ERR! \nnpm ERR! Options:\nnpm ERR! [--install-strategy <hoisted|nested|shallow|linked>] [--legacy-bundling]\nnpm ERR! [--global-style] [--omit <dev|optional|peer> [--omit <dev|optional|peer> ...]]\nnpm ERR! [--strict-peer-deps] [--no-package-lock] [--foreground-scripts]\nnpm ERR! [--ignore-scripts] [--no-audit] [--no-bin-links] [--no-fund] [--dry-run]\nnpm ERR! [-w|--workspace <workspace-name> [-w|--workspace <workspace-name> ...]]\nnpm ERR! [-ws|--workspaces] [--include-workspace-root] [--install-links]\nnpm ERR! \nnpm ERR! aliases: clean-install, ic, install-clean, isntall-clean\nnpm ERR! \nnpm ERR! Run \"npm help ci\" for more info\n\nnpm ERR! A complete log of this run can be found in: /www-data-home/.npm/_logs/2023-09-25T01_09_44_958Z-debug-0.log; Error ID: beaf8772",
    "status": 3,
    "code": 3
  }
}
[debug] [2023-09-25T01:09:53.670Z] Error: Failed to update function app in region us-central1
    at C:\Users\PC\AppData\Roaming\npm\node_modules\firebase-tools\lib\deploy\functions\release\fabricator.js:51:11
    at process.processTicksAndRejections (node:internal/process/task_queues:95:5)
    at async Fabricator.updateV1Function (C:\Users\PC\AppData\Roaming\npm\node_modules\firebase-tools\lib\deploy\functions\release\fabricator.js:344:32)
    at async Fabricator.updateEndpoint (C:\Users\PC\AppData\Roaming\npm\node_modules\firebase-tools\lib\deploy\functions\release\fabricator.js:150:13)
    at async handle (C:\Users\PC\AppData\Roaming\npm\node_modules\firebase-tools\lib\deploy\functions\release\fabricator.js:88:17)
[error] 
[error] Error: There was an error deploying functions
